2018-09-21 01:48:25.563  INFO 30592 --- [main] net.knife.development.ApplicationTests   : Starting ApplicationTests on atlantis-2.local with PID 30592 (started by masato in /Users/masato/Documents/workspace-sts-3.9.5.RELEASE/MyBootGApp-1)
2018-09-21 01:48:25.675  INFO 30592 --- [main] net.knife.development.ApplicationTests   : No active profile set, falling back to default profiles: default
2018-09-21 01:48:25.760  INFO 30592 --- [main] o.s.w.c.s.GenericWebApplicationContext   : Refreshing org.springframework.web.context.support.GenericWebApplicationContext@3b74ac8: startup date [Fri Sep 21 01:48:25 JST 2018]; root of context hierarchy
2018-09-21 01:48:28.004  INFO 30592 --- [main] trationDelegate$BeanPostProcessorChecker : Bean 'org.springframework.transaction.annotation.ProxyTransactionManagementConfiguration' of type [org.springframework.transaction.annotation.ProxyTransactionManagementConfiguration$$EnhancerBySpringCGLIB$$3066d223] is not eligible for getting processed by all BeanPostProcessors (for example: not eligible for auto-proxying)
2018-09-21 01:48:28.355  INFO 30592 --- [main] com.zaxxer.hikari.HikariDataSource       : HikariPool-1 - Starting...
2018-09-21 01:48:28.653  INFO 30592 --- [main] com.zaxxer.hikari.HikariDataSource       : HikariPool-1 - Start completed.
2018-09-21 01:48:28.716  INFO 30592 --- [main] j.LocalContainerEntityManagerFactoryBean : Building JPA container EntityManagerFactory for persistence unit 'default'
2018-09-21 01:48:28.738  INFO 30592 --- [main] o.hibernate.jpa.internal.util.LogHelper  : HHH000204: Processing PersistenceUnitInfo [
	name: default
	...]
2018-09-21 01:48:28.824  INFO 30592 --- [main] org.hibernate.Version                    : HHH000412: Hibernate Core {5.2.17.Final}
2018-09-21 01:48:28.826  INFO 30592 --- [main] org.hibernate.cfg.Environment            : HHH000206: hibernate.properties not found
2018-09-21 01:48:28.875  INFO 30592 --- [main] o.hibernate.annotations.common.Version   : HCANN000001: Hibernate Commons Annotations {5.0.1.Final}
2018-09-21 01:48:29.055  INFO 30592 --- [main] org.hibernate.dialect.Dialect            : HHH000400: Using dialect: org.hibernate.dialect.H2Dialect
2018-09-21 01:48:29.600 DEBUG 30592 --- [main] org.hibernate.SQL                        : 
    
    drop table memo if exists
2018-09-21 01:48:29.603 DEBUG 30592 --- [main] org.hibernate.SQL                        : 
    
    drop table user if exists
2018-09-21 01:48:29.606 DEBUG 30592 --- [main] org.hibernate.SQL                        : 
    
    create table memo (
       id bigint generated by default as identity,
        description varchar(255) not null,
        done boolean not null,
        title varchar(255) not null,
        updated timestamp not null,
        primary key (id)
    )
2018-09-21 01:48:29.615 DEBUG 30592 --- [main] org.hibernate.SQL                        : 
    
    create table user (
       id bigint generated by default as identity,
        admin_flag boolean not null,
        email varchar(255) not null,
        name varchar(128) not null,
        password varchar(255) not null,
        primary key (id)
    )
2018-09-21 01:48:29.617 DEBUG 30592 --- [main] org.hibernate.SQL                        : 
    
    alter table user 
       add constraint UK_ob8kqyqqgmefl0aco34akdtpe unique (email)
2018-09-21 01:48:29.622  INFO 30592 --- [main] o.h.t.schema.internal.SchemaCreatorImpl  : HHH000476: Executing import script 'org.hibernate.tool.schema.internal.exec.ScriptSourceInputNonExistentImpl@5e593b08'
2018-09-21 01:48:29.625  INFO 30592 --- [main] j.LocalContainerEntityManagerFactoryBean : Initialized JPA EntityManagerFactory for persistence unit 'default'
2018-09-21 01:48:30.109  INFO 30592 --- [main] o.s.w.s.handler.SimpleUrlHandlerMapping  : Mapped URL path [/**/favicon.ico] onto handler of type [class org.springframework.web.servlet.resource.ResourceHttpRequestHandler]
2018-09-21 01:48:30.999  INFO 30592 --- [main] s.w.s.m.m.a.RequestMappingHandlerAdapter : Looking for @ControllerAdvice: org.springframework.web.context.support.GenericWebApplicationContext@3b74ac8: startup date [Fri Sep 21 01:48:25 JST 2018]; root of context hierarchy
2018-09-21 01:48:31.135  INFO 30592 --- [main] s.w.s.m.m.a.RequestMappingHandlerMapping : Mapped "{[/error]}" onto public org.springframework.http.ResponseEntity<java.util.Map<java.lang.String, java.lang.Object>> org.springframework.boot.autoconfigure.web.servlet.error.BasicErrorController.error(javax.servlet.http.HttpServletRequest)
2018-09-21 01:48:31.141  INFO 30592 --- [main] s.w.s.m.m.a.RequestMappingHandlerMapping : Mapped "{[/error],produces=[text/html]}" onto public org.springframework.web.servlet.ModelAndView org.springframework.boot.autoconfigure.web.servlet.error.BasicErrorController.errorHtml(javax.servlet.http.HttpServletRequest,javax.servlet.http.HttpServletResponse)
2018-09-21 01:48:31.188  INFO 30592 --- [main] o.s.w.s.handler.SimpleUrlHandlerMapping  : Mapped URL path [/webjars/**] onto handler of type [class org.springframework.web.servlet.resource.ResourceHttpRequestHandler]
2018-09-21 01:48:31.188  INFO 30592 --- [main] o.s.w.s.handler.SimpleUrlHandlerMapping  : Mapped URL path [/**] onto handler of type [class org.springframework.web.servlet.resource.ResourceHttpRequestHandler]
2018-09-21 01:48:31.636 DEBUG 30592 --- [main] eGlobalAuthenticationAutowiredConfigurer : Eagerly initializing {org.springframework.boot.autoconfigure.security.servlet.WebSecurityEnablerConfiguration=org.springframework.boot.autoconfigure.security.servlet.WebSecurityEnablerConfiguration$$EnhancerBySpringCGLIB$$4df5fc58@3ca17943}
2018-09-21 01:48:31.656  INFO 30592 --- [main] .s.s.UserDetailsServiceAutoConfiguration : 

Using generated security password: bb6c3aed-b31e-47d8-b015-834b3262dfba

2018-09-21 01:48:31.731 DEBUG 30592 --- [main] s.s.c.a.w.c.WebSecurityConfigurerAdapter : Using default configure(HttpSecurity). If subclassed this will potentially override subclass configure(HttpSecurity).
2018-09-21 01:48:31.864 DEBUG 30592 --- [main] edFilterInvocationSecurityMetadataSource : Adding web access control expression 'authenticated', for org.springframework.security.web.util.matcher.AnyRequestMatcher@1
2018-09-21 01:48:31.875 DEBUG 30592 --- [main] o.s.s.w.a.i.FilterSecurityInterceptor    : Validated configuration attributes
2018-09-21 01:48:31.876 DEBUG 30592 --- [main] o.s.s.w.a.i.FilterSecurityInterceptor    : Validated configuration attributes
2018-09-21 01:48:31.903  INFO 30592 --- [main] o.s.s.web.DefaultSecurityFilterChain     : Creating filter chain: org.springframework.security.web.util.matcher.AnyRequestMatcher@1, [org.springframework.security.web.context.request.async.WebAsyncManagerIntegrationFilter@3dc82e6a, org.springframework.security.web.context.SecurityContextPersistenceFilter@54329480, org.springframework.security.web.header.HeaderWriterFilter@2fee69a1, org.springframework.security.web.csrf.CsrfFilter@2c8a445b, org.springframework.security.web.authentication.logout.LogoutFilter@1c00d406, org.springframework.security.web.authentication.UsernamePasswordAuthenticationFilter@8b670c0, org.springframework.security.web.authentication.ui.DefaultLoginPageGeneratingFilter@5d7f1e59, org.springframework.security.web.authentication.www.BasicAuthenticationFilter@7b7068d8, org.springframework.security.web.savedrequest.RequestCacheAwareFilter@64f32e9e, org.springframework.security.web.servletapi.SecurityContextHolderAwareRequestFilter@734fbae3, org.springframework.security.web.authentication.AnonymousAuthenticationFilter@54463380, org.springframework.security.web.session.SessionManagementFilter@6c6c2a73, org.springframework.security.web.access.ExceptionTranslationFilter@76828577, org.springframework.security.web.access.intercept.FilterSecurityInterceptor@15586843]
2018-09-21 01:48:32.088  INFO 30592 --- [main] net.knife.development.ApplicationTests   : Started ApplicationTests in 7.345 seconds (JVM running for 8.472)
2018-09-21 01:48:32.230  INFO 30592 --- [main] .b.t.c.SpringBootTestContextBootstrapper : Neither @ContextConfiguration nor @ContextHierarchy found for test class [net.knife.development.repository.UserRepositoryTest], using SpringBootContextLoader
2018-09-21 01:48:32.230  INFO 30592 --- [main] o.s.t.c.support.AbstractContextLoader    : Could not detect default resource locations for test class [net.knife.development.repository.UserRepositoryTest]: no resource found for suffixes {-context.xml, Context.groovy}.
2018-09-21 01:48:32.231  INFO 30592 --- [main] t.c.s.AnnotationConfigContextLoaderUtils : Could not detect default configuration classes for test class [net.knife.development.repository.UserRepositoryTest]: UserRepositoryTest does not declare any static, non-private, non-final, nested classes annotated with @Configuration.
2018-09-21 01:48:32.274  INFO 30592 --- [main] .b.t.c.SpringBootTestContextBootstrapper : Found @SpringBootConfiguration net.knife.development.Application for test class net.knife.development.repository.UserRepositoryTest
2018-09-21 01:48:32.276  INFO 30592 --- [main] .b.t.c.SpringBootTestContextBootstrapper : Loaded default TestExecutionListener class names from location [META-INF/spring.factories]: [org.springframework.boot.test.mock.mockito.MockitoTestExecutionListener, org.springframework.boot.test.mock.mockito.ResetMocksTestExecutionListener, org.springframework.boot.test.autoconfigure.restdocs.RestDocsTestExecutionListener, org.springframework.boot.test.autoconfigure.web.client.MockRestServiceServerResetTestExecutionListener, org.springframework.boot.test.autoconfigure.web.servlet.MockMvcPrintOnlyOnFailureTestExecutionListener, org.springframework.boot.test.autoconfigure.web.servlet.WebDriverTestExecutionListener, org.springframework.test.context.web.ServletTestExecutionListener, org.springframework.test.context.support.DirtiesContextBeforeModesTestExecutionListener, org.springframework.test.context.support.DependencyInjectionTestExecutionListener, org.springframework.test.context.support.DirtiesContextTestExecutionListener, org.springframework.test.context.transaction.TransactionalTestExecutionListener, org.springframework.test.context.jdbc.SqlScriptsTestExecutionListener, org.springframework.security.test.context.support.WithSecurityContextTestExecutionListener, org.springframework.security.test.context.support.ReactorContextTestExecutionListener]
2018-09-21 01:48:32.281  INFO 30592 --- [main] .b.t.c.SpringBootTestContextBootstrapper : Using TestExecutionListeners: [org.springframework.test.context.web.ServletTestExecutionListener@25fd6d1e, org.springframework.test.context.support.DirtiesContextBeforeModesTestExecutionListener@23396fc0, org.springframework.boot.test.mock.mockito.MockitoTestExecutionListener@c11332b, org.springframework.boot.test.autoconfigure.SpringBootDependencyInjectionTestExecutionListener@7e5e6573, org.springframework.test.context.support.DirtiesContextTestExecutionListener@3005623b, org.springframework.test.context.transaction.TransactionalTestExecutionListener@58aa5c94, org.springframework.test.context.jdbc.SqlScriptsTestExecutionListener@5d27b4c1, org.springframework.security.test.context.support.WithSecurityContextTestExecutionListener@50df37eb, org.springframework.security.test.context.support.ReactorContextTestExecutionListener@4b508371, org.springframework.boot.test.mock.mockito.ResetMocksTestExecutionListener@41143873, org.springframework.boot.test.autoconfigure.restdocs.RestDocsTestExecutionListener@21f50d2c, org.springframework.boot.test.autoconfigure.web.client.MockRestServiceServerResetTestExecutionListener@8bc0696, org.springframework.boot.test.autoconfigure.web.servlet.MockMvcPrintOnlyOnFailureTestExecutionListener@473847fb, org.springframework.boot.test.autoconfigure.web.servlet.WebDriverTestExecutionListener@270f28cf]
2018-09-21 01:48:32.364  INFO 30592 --- [main] n.k.d.repository.UserRepositoryTest      : Starting UserRepositoryTest on atlantis-2.local with PID 30592 (started by masato in /Users/masato/Documents/workspace-sts-3.9.5.RELEASE/MyBootGApp-1)
2018-09-21 01:48:32.365  INFO 30592 --- [main] n.k.d.repository.UserRepositoryTest      : No active profile set, falling back to default profiles: default
2018-09-21 01:48:32.368  INFO 30592 --- [main] s.c.a.AnnotationConfigApplicationContext : Refreshing org.springframework.context.annotation.AnnotationConfigApplicationContext@5086623f: startup date [Fri Sep 21 01:48:32 JST 2018]; root of context hierarchy
2018-09-21 01:48:32.527  INFO 30592 --- [main] beddedDataSourceBeanFactoryPostProcessor : Replacing 'dataSource' DataSource bean with embedded version
2018-09-21 01:48:32.528  INFO 30592 --- [main] o.s.b.f.s.DefaultListableBeanFactory     : Overriding bean definition for bean 'dataSource' with a different definition: replacing [Root bean: class [null]; scope=; abstract=false; lazyInit=false; autowireMode=3; dependencyCheck=0; autowireCandidate=true; primary=false; factoryBeanName=org.springframework.boot.autoconfigure.jdbc.DataSourceConfiguration$Hikari; factoryMethodName=dataSource; initMethodName=null; destroyMethodName=(inferred); defined in class path resource [org/springframework/boot/autoconfigure/jdbc/DataSourceConfiguration$Hikari.class]] with [Root bean: class [org.springframework.boot.test.autoconfigure.jdbc.TestDatabaseAutoConfiguration$EmbeddedDataSourceFactoryBean]; scope=; abstract=false; lazyInit=false; autowireMode=0; dependencyCheck=0; autowireCandidate=true; primary=false; factoryBeanName=null; factoryMethodName=null; initMethodName=null; destroyMethodName=null]
2018-09-21 01:48:32.592  INFO 30592 --- [main] o.s.j.d.e.EmbeddedDatabaseFactory        : Starting embedded database: url='jdbc:h2:mem:6e679d37-608b-4efd-a50f-e8d51e837a30;DB_CLOSE_DELAY=-1;DB_CLOSE_ON_EXIT=false', username='sa'
2018-09-21 01:48:32.694  INFO 30592 --- [main] j.LocalContainerEntityManagerFactoryBean : Building JPA container EntityManagerFactory for persistence unit 'default'
2018-09-21 01:48:32.696  INFO 30592 --- [main] o.hibernate.jpa.internal.util.LogHelper  : HHH000204: Processing PersistenceUnitInfo [
	name: default
	...]
2018-09-21 01:48:32.705  INFO 30592 --- [main] org.hibernate.dialect.Dialect            : HHH000400: Using dialect: org.hibernate.dialect.H2Dialect
2018-09-21 01:48:32.758 DEBUG 30592 --- [main] org.hibernate.SQL                        : 
    
    drop table memo if exists
2018-09-21 01:48:32.760 DEBUG 30592 --- [main] org.hibernate.SQL                        : 
    
    drop table user if exists
2018-09-21 01:48:32.760 DEBUG 30592 --- [main] org.hibernate.SQL                        : 
    
    create table memo (
       id bigint generated by default as identity,
        description varchar(255) not null,
        done boolean not null,
        title varchar(255) not null,
        updated timestamp not null,
        primary key (id)
    )
2018-09-21 01:48:32.763 DEBUG 30592 --- [main] org.hibernate.SQL                        : 
    
    create table user (
       id bigint generated by default as identity,
        admin_flag boolean not null,
        email varchar(255) not null,
        name varchar(128) not null,
        password varchar(255) not null,
        primary key (id)
    )
2018-09-21 01:48:32.765 DEBUG 30592 --- [main] org.hibernate.SQL                        : 
    
    alter table user 
       add constraint UK_ob8kqyqqgmefl0aco34akdtpe unique (email)
2018-09-21 01:48:32.766  INFO 30592 --- [main] o.h.t.schema.internal.SchemaCreatorImpl  : HHH000476: Executing import script 'org.hibernate.tool.schema.internal.exec.ScriptSourceInputNonExistentImpl@5e593b08'
2018-09-21 01:48:32.767  INFO 30592 --- [main] j.LocalContainerEntityManagerFactoryBean : Initialized JPA EntityManagerFactory for persistence unit 'default'
2018-09-21 01:48:32.989  INFO 30592 --- [main] n.k.d.repository.UserRepositoryTest      : Started UserRepositoryTest in 0.695 seconds (JVM running for 9.373)
2018-09-21 01:48:33.074  INFO 30592 --- [main] o.s.t.c.transaction.TransactionContext   : Began transaction (1) for test context [DefaultTestContext@603d25db testClass = UserRepositoryTest, testInstance = net.knife.development.repository.UserRepositoryTest@95cecc5, testMethod = testFindByEmail@UserRepositoryTest, testException = [null], mergedContextConfiguration = [MergedContextConfiguration@48b3b1b8 testClass = UserRepositoryTest, locations = '{}', classes = '{class net.knife.development.Application}', contextInitializerClasses = '[]', activeProfiles = '{}', propertySourceLocations = '{}', propertySourceProperties = '{org.springframework.boot.test.context.SpringBootTestContextBootstrapper=true}', contextCustomizers = set[[ImportsContextCustomizer@b86cb18 key = [org.springframework.boot.autoconfigure.cache.CacheAutoConfiguration, org.springframework.boot.autoconfigure.data.jpa.JpaRepositoriesAutoConfiguration, org.springframework.boot.autoconfigure.flyway.FlywayAutoConfiguration, org.springframework.boot.autoconfigure.jdbc.DataSourceAutoConfiguration, org.springframework.boot.autoconfigure.jdbc.DataSourceTransactionManagerAutoConfiguration, org.springframework.boot.autoconfigure.jdbc.JdbcTemplateAutoConfiguration, org.springframework.boot.autoconfigure.liquibase.LiquibaseAutoConfiguration, org.springframework.boot.autoconfigure.orm.jpa.HibernateJpaAutoConfiguration, org.springframework.boot.autoconfigure.transaction.TransactionAutoConfiguration, org.springframework.boot.test.autoconfigure.jdbc.TestDatabaseAutoConfiguration, org.springframework.boot.test.autoconfigure.orm.jpa.TestEntityManagerAutoConfiguration]], org.springframework.boot.test.context.filter.ExcludeFilterContextCustomizer@71623278, org.springframework.boot.test.json.DuplicateJsonObjectContextCustomizerFactory$DuplicateJsonObjectContextCustomizer@15b3e5b, org.springframework.boot.test.mock.mockito.MockitoContextCustomizer@0, org.springframework.boot.test.autoconfigure.OverrideAutoConfigurationContextCustomizerFactory$DisableAutoConfigurationContextCustomizer@595814a1, org.springframework.boot.test.autoconfigure.filter.TypeExcludeFiltersContextCustomizer@351584c0, org.springframework.boot.test.autoconfigure.properties.PropertyMappingContextCustomizer@46d52c08, org.springframework.boot.test.autoconfigure.web.servlet.WebDriverContextCustomizerFactory$Customizer@70a9f84e], contextLoader = 'org.springframework.boot.test.context.SpringBootContextLoader', parent = [null]], attributes = map[[empty]]]; transaction manager [org.springframework.orm.jpa.JpaTransactionManager@79b7c350]; rollback [true]
2018-09-21 01:48:33.105 DEBUG 30592 --- [main] org.hibernate.SQL                        : 
    /* insert net.knife.development.entity.User
        */ insert 
        into
            user
            (id, admin_flag, email, name, password) 
        values
            (null, ?, ?, ?, ?)
2018-09-21 01:48:33.128 DEBUG 30592 --- [main] org.hibernate.SQL                        : 
    select
        user0_.id as id1_1_0_,
        user0_.admin_flag as admin_fl2_1_0_,
        user0_.email as email3_1_0_,
        user0_.name as name4_1_0_,
        user0_.password as password5_1_0_ 
    from
        user user0_ 
    where
        user0_.id=?
2018-09-21 01:48:33.185  INFO 30592 --- [main] o.h.h.i.QueryTranslatorFactoryInitiator  : HHH000397: Using ASTQueryTranslatorFactory
2018-09-21 01:48:33.351 DEBUG 30592 --- [main] org.hibernate.SQL                        : 
    /* select
        generatedAlias0 
    from
        User as generatedAlias0 
    where
        generatedAlias0.email=:param0 */ select
            user0_.id as id1_1_,
            user0_.admin_flag as admin_fl2_1_,
            user0_.email as email3_1_,
            user0_.name as name4_1_,
            user0_.password as password5_1_ 
        from
            user user0_ 
        where
            user0_.email=?
2018-09-21 01:48:33.423  INFO 30592 --- [main] o.s.t.c.transaction.TransactionContext   : Rolled back transaction for test: [DefaultTestContext@603d25db testClass = UserRepositoryTest, testInstance = net.knife.development.repository.UserRepositoryTest@95cecc5, testMethod = testFindByEmail@UserRepositoryTest, testException = [null], mergedContextConfiguration = [MergedContextConfiguration@48b3b1b8 testClass = UserRepositoryTest, locations = '{}', classes = '{class net.knife.development.Application}', contextInitializerClasses = '[]', activeProfiles = '{}', propertySourceLocations = '{}', propertySourceProperties = '{org.springframework.boot.test.context.SpringBootTestContextBootstrapper=true}', contextCustomizers = set[[ImportsContextCustomizer@b86cb18 key = [org.springframework.boot.autoconfigure.cache.CacheAutoConfiguration, org.springframework.boot.autoconfigure.data.jpa.JpaRepositoriesAutoConfiguration, org.springframework.boot.autoconfigure.flyway.FlywayAutoConfiguration, org.springframework.boot.autoconfigure.jdbc.DataSourceAutoConfiguration, org.springframework.boot.autoconfigure.jdbc.DataSourceTransactionManagerAutoConfiguration, org.springframework.boot.autoconfigure.jdbc.JdbcTemplateAutoConfiguration, org.springframework.boot.autoconfigure.liquibase.LiquibaseAutoConfiguration, org.springframework.boot.autoconfigure.orm.jpa.HibernateJpaAutoConfiguration, org.springframework.boot.autoconfigure.transaction.TransactionAutoConfiguration, org.springframework.boot.test.autoconfigure.jdbc.TestDatabaseAutoConfiguration, org.springframework.boot.test.autoconfigure.orm.jpa.TestEntityManagerAutoConfiguration]], org.springframework.boot.test.context.filter.ExcludeFilterContextCustomizer@71623278, org.springframework.boot.test.json.DuplicateJsonObjectContextCustomizerFactory$DuplicateJsonObjectContextCustomizer@15b3e5b, org.springframework.boot.test.mock.mockito.MockitoContextCustomizer@0, org.springframework.boot.test.autoconfigure.OverrideAutoConfigurationContextCustomizerFactory$DisableAutoConfigurationContextCustomizer@595814a1, org.springframework.boot.test.autoconfigure.filter.TypeExcludeFiltersContextCustomizer@351584c0, org.springframework.boot.test.autoconfigure.properties.PropertyMappingContextCustomizer@46d52c08, org.springframework.boot.test.autoconfigure.web.servlet.WebDriverContextCustomizerFactory$Customizer@70a9f84e], contextLoader = 'org.springframework.boot.test.context.SpringBootContextLoader', parent = [null]], attributes = map[[empty]]]
2018-09-21 01:48:33.437  INFO 30592 --- [Thread-5] s.c.a.AnnotationConfigApplicationContext : Closing org.springframework.context.annotation.AnnotationConfigApplicationContext@5086623f: startup date [Fri Sep 21 01:48:32 JST 2018]; root of context hierarchy
2018-09-21 01:48:33.438  INFO 30592 --- [Thread-3] o.s.w.c.s.GenericWebApplicationContext   : Closing org.springframework.web.context.support.GenericWebApplicationContext@3b74ac8: startup date [Fri Sep 21 01:48:25 JST 2018]; root of context hierarchy
2018-09-21 01:48:33.450  INFO 30592 --- [Thread-5] j.LocalContainerEntityManagerFactoryBean : Closing JPA EntityManagerFactory for persistence unit 'default'
2018-09-21 01:48:33.450  INFO 30592 --- [Thread-5] .SchemaDropperImpl$DelayedDropActionImpl : HHH000477: Starting delayed drop of schema as part of SessionFactory shut-down'
2018-09-21 01:48:33.451  INFO 30592 --- [Thread-3] j.LocalContainerEntityManagerFactoryBean : Closing JPA EntityManagerFactory for persistence unit 'default'
2018-09-21 01:48:33.451 DEBUG 30592 --- [Thread-5] org.hibernate.SQL                        : 
    
    drop table memo if exists
2018-09-21 01:48:33.451  INFO 30592 --- [Thread-3] .SchemaDropperImpl$DelayedDropActionImpl : HHH000477: Starting delayed drop of schema as part of SessionFactory shut-down'
2018-09-21 01:48:33.451 DEBUG 30592 --- [Thread-3] org.hibernate.SQL                        : 
    
    drop table memo if exists
2018-09-21 01:48:33.460 DEBUG 30592 --- [Thread-3] org.hibernate.SQL                        : 
    
    drop table user if exists
2018-09-21 01:48:33.460 DEBUG 30592 --- [Thread-5] org.hibernate.SQL                        : 
    
    drop table user if exists
2018-09-21 01:48:33.465  WARN 30592 --- [Thread-3] o.s.b.f.support.DisposableBeanAdapter    : Invocation of destroy method failed on bean with name 'inMemoryDatabaseShutdownExecutor': org.h2.jdbc.JdbcSQLException: Database is already closed (to disable automatic closing at VM shutdown, add ";DB_CLOSE_ON_EXIT=FALSE" to the db URL) [90121-197]
2018-09-21 01:48:33.466  INFO 30592 --- [Thread-3] com.zaxxer.hikari.HikariDataSource       : HikariPool-1 - Shutdown initiated...
2018-09-21 01:48:33.472  INFO 30592 --- [Thread-3] com.zaxxer.hikari.HikariDataSource       : HikariPool-1 - Shutdown completed.
